E:\MY_CLAIRE\VISUALSTUDIOWORKSPACE\WORK_151020\DEBUG\FIGURE.OBJ
E:\MY_CLAIRE\VISUALSTUDIOWORKSPACE\WORK_151020\DEBUG\TEST.OBJ
E:\MY_CLAIRE\VISUALSTUDIOWORKSPACE\WORK_151020\DEBUG\VEHICLE.OBJ
E:\MY_CLAIRE\VISUALSTUDIOWORKSPACE\WORK_151020\DEBUG\VC110.PDB
E:\MY_CLAIRE\VISUALSTUDIOWORKSPACE\WORK_151020\DEBUG\WORK_151020.ILK
E:\MY_CLAIRE\VISUALSTUDIOWORKSPACE\WORK_151020\DEBUG\WORK_151020.EXE
E:\MY_CLAIRE\VISUALSTUDIOWORKSPACE\WORK_151020\DEBUG\WORK_151020.PDB
E:\My_Claire\VisualStudioWorkspace\work_151020\Debug\Figure.obj
E:\My_Claire\VisualStudioWorkspace\work_151020\Debug\test.obj
E:\My_Claire\VisualStudioWorkspace\work_151020\Debug\Vehicle.obj
E:\My_Claire\VisualStudioWorkspace\work_151020\Debug\work_151020.ilk
E:\My_Claire\VisualStudioWorkspace\work_151020\Debug\cl.command.1.tlog
E:\My_Claire\VisualStudioWorkspace\work_151020\Debug\CL.read.1.tlog
E:\My_Claire\VisualStudioWorkspace\work_151020\Debug\CL.write.1.tlog
E:\My_Claire\VisualStudioWorkspace\work_151020\Debug\link-cvtres.read.1.tlog
E:\My_Claire\VisualStudioWorkspace\work_151020\Debug\link-cvtres.write.1.tlog
E:\My_Claire\VisualStudioWorkspace\work_151020\Debug\link-rc.read.1.tlog
E:\My_Claire\VisualStudioWorkspace\work_151020\Debug\link-rc.write.1.tlog
E:\My_Claire\VisualStudioWorkspace\work_151020\Debug\link.command.1.tlog
E:\My_Claire\VisualStudioWorkspace\work_151020\Debug\link.read.1.tlog
E:\My_Claire\VisualStudioWorkspace\work_151020\Debug\link.write.1.tlog
E:\My_Claire\VisualStudioWorkspace\work_151020\Debug\vc110.idb
E:\My_Claire\VisualStudioWorkspace\work_151020\Debug\vc110.pdb
E:\My_Claire\VisualStudioWorkspace\work_151020\Debug\work_151020.pdb
E:\My_Claire\VisualStudioWorkspace\work_151020\Debug\work_151020.exe
