生成启动时间为 2015/11/15 21:45:54。
     1>项目“E:\My_Claire\VisualStudioWorkspace\work_151020\work_151020.vcxproj”在节点 2 上(Rebuild 个目标)。
     1>ClCompile:
         D:\A_Claire\VisualStudio11\VC\bin\CL.exe /c /ZI /nologo /W3 /WX- /Od /Oy- /D _MBCS /Gm /EHsc /RTC1 /MDd /GS /fp:precise /Zc:wchar_t /Zc:forScope /Fo"Debug\\" /Fd"Debug\vc110.pdb" /Gd /TP /analyze- /errorReport:prompt Figure.cpp test.cpp Vehicle.cpp
         Vehicle.cpp
     1>e:\my_claire\visualstudioworkspace\work_151020\figure.cpp(231): warning C4996: 'kbhit': The POSIX name for this item is deprecated. Instead, use the ISO C++ conformant name: _kbhit. See online help for details.
                 d:\a_claire\visualstudio11\vc\include\conio.h(133) : 参见“kbhit”的声明
     1>e:\my_claire\visualstudioworkspace\work_151020\figure.cpp(233): warning C4996: 'getch': The POSIX name for this item is deprecated. Instead, use the ISO C++ conformant name: _getch. See online help for details.
                 d:\a_claire\visualstudio11\vc\include\conio.h(131) : 参见“getch”的声明
     1>e:\my_claire\visualstudioworkspace\work_151020\vehicle.cpp(20): warning C4244: “参数”: 从“double”转换到“int”，可能丢失数据
     1>e:\my_claire\visualstudioworkspace\work_151020\vehicle.cpp(21): warning C4244: “参数”: 从“double”转换到“int”，可能丢失数据
     1>e:\my_claire\visualstudioworkspace\work_151020\vehicle.cpp(23): warning C4244: “参数”: 从“double”转换到“int”，可能丢失数据
     1>e:\my_claire\visualstudioworkspace\work_151020\vehicle.cpp(24): warning C4244: “参数”: 从“double”转换到“int”，可能丢失数据
     1>e:\my_claire\visualstudioworkspace\work_151020\vehicle.cpp(25): warning C4244: “参数”: 从“double”转换到“int”，可能丢失数据
     1>e:\my_claire\visualstudioworkspace\work_151020\vehicle.cpp(54): warning C4244: “参数”: 从“double”转换到“int”，可能丢失数据
     1>e:\my_claire\visualstudioworkspace\work_151020\vehicle.cpp(55): warning C4244: “参数”: 从“double”转换到“int”，可能丢失数据
         test.cpp
     1>e:\my_claire\visualstudioworkspace\work_151020\figure.cpp(231): warning C4996: 'kbhit': The POSIX name for this item is deprecated. Instead, use the ISO C++ conformant name: _kbhit. See online help for details.
                 d:\a_claire\visualstudio11\vc\include\conio.h(133) : 参见“kbhit”的声明
     1>e:\my_claire\visualstudioworkspace\work_151020\figure.cpp(233): warning C4996: 'getch': The POSIX name for this item is deprecated. Instead, use the ISO C++ conformant name: _getch. See online help for details.
                 d:\a_claire\visualstudio11\vc\include\conio.h(131) : 参见“getch”的声明
     1>e:\my_claire\visualstudioworkspace\work_151020\vehicle.cpp(20): warning C4244: “参数”: 从“double”转换到“int”，可能丢失数据
     1>e:\my_claire\visualstudioworkspace\work_151020\vehicle.cpp(21): warning C4244: “参数”: 从“double”转换到“int”，可能丢失数据
     1>e:\my_claire\visualstudioworkspace\work_151020\vehicle.cpp(23): warning C4244: “参数”: 从“double”转换到“int”，可能丢失数据
     1>e:\my_claire\visualstudioworkspace\work_151020\vehicle.cpp(24): warning C4244: “参数”: 从“double”转换到“int”，可能丢失数据
     1>e:\my_claire\visualstudioworkspace\work_151020\vehicle.cpp(25): warning C4244: “参数”: 从“double”转换到“int”，可能丢失数据
     1>e:\my_claire\visualstudioworkspace\work_151020\vehicle.cpp(54): warning C4244: “参数”: 从“double”转换到“int”，可能丢失数据
     1>e:\my_claire\visualstudioworkspace\work_151020\vehicle.cpp(55): warning C4244: “参数”: 从“double”转换到“int”，可能丢失数据
     1>e:\my_claire\visualstudioworkspace\work_151020\test.cpp(37): warning C4996: 'getch': The POSIX name for this item is deprecated. Instead, use the ISO C++ conformant name: _getch. See online help for details.
                 d:\a_claire\visualstudio11\vc\include\conio.h(131) : 参见“getch”的声明
     1>e:\my_claire\visualstudioworkspace\work_151020\test.cpp(47): warning C4996: 'getch': The POSIX name for this item is deprecated. Instead, use the ISO C++ conformant name: _getch. See online help for details.
                 d:\a_claire\visualstudio11\vc\include\conio.h(131) : 参见“getch”的声明
     1>e:\my_claire\visualstudioworkspace\work_151020\test.cpp(55): warning C4996: 'getch': The POSIX name for this item is deprecated. Instead, use the ISO C++ conformant name: _getch. See online help for details.
                 d:\a_claire\visualstudio11\vc\include\conio.h(131) : 参见“getch”的声明
     1>e:\my_claire\visualstudioworkspace\work_151020\test.cpp(60): warning C4996: 'getch': The POSIX name for this item is deprecated. Instead, use the ISO C++ conformant name: _getch. See online help for details.
                 d:\a_claire\visualstudio11\vc\include\conio.h(131) : 参见“getch”的声明
     1>e:\my_claire\visualstudioworkspace\work_151020\test.cpp(71): warning C4996: 'getch': The POSIX name for this item is deprecated. Instead, use the ISO C++ conformant name: _getch. See online help for details.
                 d:\a_claire\visualstudio11\vc\include\conio.h(131) : 参见“getch”的声明
     1>e:\my_claire\visualstudioworkspace\work_151020\test.cpp(79): warning C4996: 'getch': The POSIX name for this item is deprecated. Instead, use the ISO C++ conformant name: _getch. See online help for details.
                 d:\a_claire\visualstudio11\vc\include\conio.h(131) : 参见“getch”的声明
     1>e:\my_claire\visualstudioworkspace\work_151020\test.cpp(84): warning C4996: 'getch': The POSIX name for this item is deprecated. Instead, use the ISO C++ conformant name: _getch. See online help for details.
                 d:\a_claire\visualstudio11\vc\include\conio.h(131) : 参见“getch”的声明
         Figure.cpp
     1>e:\my_claire\visualstudioworkspace\work_151020\figure.cpp(231): warning C4996: 'kbhit': The POSIX name for this item is deprecated. Instead, use the ISO C++ conformant name: _kbhit. See online help for details.
                 d:\a_claire\visualstudio11\vc\include\conio.h(133) : 参见“kbhit”的声明
     1>e:\my_claire\visualstudioworkspace\work_151020\figure.cpp(233): warning C4996: 'getch': The POSIX name for this item is deprecated. Instead, use the ISO C++ conformant name: _getch. See online help for details.
                 d:\a_claire\visualstudio11\vc\include\conio.h(131) : 参见“getch”的声明
         正在生成代码...
       Link:
         D:\A_Claire\VisualStudio11\VC\bin\link.exe /ERRORREPORT:PROMPT /OUT:"E:\My_Claire\VisualStudioWorkspace\work_151020\Debug\work_151020.exe" /INCREMENTAL /NOLOGO kernel32.lib user32.lib gdi32.lib winspool.lib comdlg32.lib advapi32.lib shell32.lib ole32.lib oleaut32.lib uuid.lib odbc32.lib odbccp32.lib /MANIFEST /MANIFESTUAC:"level='asInvoker' uiAccess='false'" /manifest:embed /DEBUG /PDB:"E:\My_Claire\VisualStudioWorkspace\work_151020\Debug\work_151020.pdb" /TLBID:1 /DYNAMICBASE /NXCOMPAT /IMPLIB:"E:\My_Claire\VisualStudioWorkspace\work_151020\Debug\work_151020.lib" /MACHINE:X86 Debug\Figure.obj
         Debug\test.obj
         Debug\Vehicle.obj
         work_151020.vcxproj -> E:\My_Claire\VisualStudioWorkspace\work_151020\Debug\work_151020.exe
     1>已完成生成项目“E:\My_Claire\VisualStudioWorkspace\work_151020\work_151020.vcxproj”(Rebuild 个目标)的操作。

生成成功。

已用时间 00:00:02.09
